2025-05-12 09:50:50,348 - INFO - 进程 0 启动，处理城市数量: 807
2025-05-12 09:50:50,349 - INFO - 进程 1 启动，处理城市数量: 806
2025-05-12 09:50:50,350 - INFO - 进程 2 启动，处理城市数量: 806
2025-05-12 09:50:50,350 - INFO - 进程 3 启动，处理城市数量: 806
2025-05-12 09:53:06,991 - INFO - 进程 0 启动，处理城市数量: 807
2025-05-12 09:53:06,992 - INFO - 进程 1 启动，处理城市数量: 806
2025-05-12 09:53:06,993 - INFO - 进程 2 启动，处理城市数量: 806
2025-05-12 09:53:06,999 - INFO - 进程 3 启动，处理城市数量: 806
2025-05-12 09:54:47,774 - INFO - 进程 0 启动，处理城市数量: 807
2025-05-12 09:54:47,775 - INFO - 进程 1 启动，处理城市数量: 806
2025-05-12 09:54:47,781 - INFO - 进程 2 启动，处理城市数量: 806
2025-05-12 09:54:47,784 - INFO - 进程 3 启动，处理城市数量: 806
2025-05-12 10:06:19,978 - INFO - 进程 0 启动，处理城市数量: 807
2025-05-12 10:06:19,980 - INFO - 进程 1 启动，处理城市数量: 806
2025-05-12 10:06:19,989 - INFO - 进程 2 启动，处理城市数量: 806
2025-05-12 10:06:19,991 - INFO - 进程 3 启动，处理城市数量: 806
2025-05-12 10:06:29,794 - INFO - 爬虫完成 - 总耗时: 0:00:09.801974, 成功: 0, 失败: 3225
2025-05-12 10:06:29,795 - WARNING - 失败城市列表: 110000, 110101, 110102, 110105, 110106, 110107, 110108, 110109, 110111, 110112, 110113, 110114, 110115, 110116, 110117, 110118, 110119, 120000, 120101, 120102, 120103, 120104, 120105, 120106, 120110, 120111, 120112, 120113, 120114, 120115, 120116, 120117, 120118, 120119, 130000, 130100, 130102, 130104, 130105, 130107, 130108, 130109, 130110, 130111, 130121, 130123, 130125, 130126, 130127, 130128, 130129, 130130, 130131, 130132, 130133, 130183, 130184, 130200, 130202, 130203, 130204, 130205, 130207, 130208, 130209, 130223, 130224, 130225, 130227, 130229, 130281, 130283, 130300, 130302, 130303, 130304, 130306, 130321, 130322, 130324, 130400, 130402, 130403, 130404, 130406, 130407, 130408, 130423, 130424, 130425, 130426, 130427, 130430, 130431, 130432, 130433, 130434, 130435, 130481, 130500
2025-05-12 11:37:09,806 - INFO - 进程 1 启动，处理城市数量: 806
2025-05-12 11:37:09,807 - INFO - 进程 2 启动，处理城市数量: 806
2025-05-12 11:37:09,807 - INFO - 进程 3 启动，处理城市数量: 806
2025-05-12 11:37:09,815 - INFO - 密钥列表已刷新
2025-05-12 11:37:09,815 - INFO - 密钥列表已刷新
2025-05-12 11:37:09,817 - INFO - 密钥列表已刷新
2025-05-12 11:37:09,817 - INFO - 密钥列表已刷新
2025-05-12 11:37:45,652 - INFO - [进程 3] 进度: 100/806 个城市
2025-05-12 11:37:45,708 - INFO - [进程 2] 进度: 100/806 个城市
2025-05-12 11:37:45,811 - INFO - [进程 0] 进度: 100/807 个城市
2025-05-12 11:37:46,119 - INFO - [进程 1] 进度: 100/806 个城市
2025-05-12 11:38:07,315 - INFO - [进程 0] 进度: 200/807 个城市
2025-05-12 11:38:07,415 - INFO - [进程 2] 进度: 200/806 个城市
2025-05-12 11:38:07,621 - INFO - [进程 3] 进度: 200/806 个城市
2025-05-12 11:38:07,977 - INFO - [进程 1] 进度: 200/806 个城市
2025-05-12 11:38:28,963 - INFO - [进程 0] 进度: 300/807 个城市
2025-05-12 11:38:29,125 - INFO - [进程 2] 进度: 300/806 个城市
2025-05-12 11:38:29,637 - INFO - [进程 3] 进度: 300/806 个城市
2025-05-12 11:38:29,841 - INFO - [进程 1] 进度: 300/806 个城市
2025-05-12 11:38:50,834 - INFO - [进程 2] 进度: 400/806 个城市
2025-05-12 11:38:51,345 - INFO - [进程 0] 进度: 400/807 个城市
2025-05-12 11:38:51,701 - INFO - [进程 3] 进度: 400/806 个城市
2025-05-12 11:38:52,062 - INFO - [进程 1] 进度: 400/806 个城市
2025-05-12 11:39:12,979 - INFO - [进程 2] 进度: 500/806 个城市
2025-05-12 11:39:13,563 - INFO - [进程 0] 进度: 500/807 个城市
2025-05-12 11:39:14,281 - INFO - [进程 1] 进度: 500/806 个城市
2025-05-12 11:39:14,613 - INFO - [进程 3] 进度: 500/806 个城市
2025-05-12 11:39:35,168 - INFO - [进程 2] 进度: 600/806 个城市
2025-05-12 11:39:35,825 - INFO - [进程 0] 进度: 600/807 个城市
2025-05-12 11:39:35,989 - INFO - [进程 1] 进度: 600/806 个城市
2025-05-12 11:39:36,704 - INFO - [进程 3] 进度: 600/806 个城市
2025-05-12 11:39:56,405 - INFO - [进程 2] 进度: 700/806 个城市
2025-05-12 11:39:57,844 - INFO - [进程 1] 进度: 700/806 个城市
2025-05-12 11:39:58,045 - INFO - [进程 0] 进度: 700/807 个城市
2025-05-12 11:39:58,208 - INFO - [进程 3] 进度: 700/806 个城市
2025-05-12 11:40:18,278 - INFO - [进程 2] 进度: 800/806 个城市
2025-05-12 11:40:19,711 - INFO - [进程 3] 进度: 800/806 个城市
2025-05-12 11:40:19,814 - INFO - [进程 1] 进度: 800/806 个城市
2025-05-12 11:40:19,919 - INFO - [进程 0] 进度: 800/807 个城市
2025-05-12 11:40:21,384 - INFO - 爬虫完成 - 总耗时: 0:03:11.552378, 成功: 0, 失败: 23
2025-05-12 11:40:21,386 - WARNING - 失败城市列表: 139001, 139002, 330185, 350182, 360421, 370282, 540126, 542400, 542421, 542422, 542423, 542424, 542425, 542426, 542427, 542428, 542429, 542430, 542431, 610721, 620201, 632824, 632826
2025-05-12 12:43:14,536 - INFO - 进程 0 启动，处理城市数量: 807
2025-05-12 12:43:14,538 - INFO - 进程 1 启动，处理城市数量: 806
2025-05-12 12:43:14,540 - INFO - 进程 2 启动，处理城市数量: 806
2025-05-12 12:43:14,542 - INFO - 进程 3 启动，处理城市数量: 806
2025-05-12 12:43:14,549 - INFO - 密钥列表已刷新
2025-05-12 12:43:14,549 - INFO - 密钥列表已刷新
2025-05-12 12:43:14,550 - INFO - 密钥列表已刷新
2025-05-12 12:43:14,552 - INFO - 密钥列表已刷新
2025-05-12 12:43:49,779 - INFO - [进程 3] 进度: 100/806 个城市
2025-05-12 12:43:49,916 - INFO - [进程 0] 进度: 100/807 个城市
2025-05-12 12:43:50,289 - INFO - [进程 1] 进度: 100/806 个城市
2025-05-12 12:43:50,392 - INFO - [进程 2] 进度: 100/806 个城市
2025-05-12 12:44:14,967 - INFO - [进程 0] 进度: 200/807 个城市
2025-05-12 12:44:15,172 - INFO - [进程 2] 进度: 200/806 个城市
2025-05-12 12:44:15,274 - INFO - [进程 1] 进度: 200/806 个城市
2025-05-12 12:44:15,478 - INFO - [进程 3] 进度: 200/806 个城市
2025-05-12 12:44:40,463 - INFO - [进程 0] 进度: 300/807 个城市
2025-05-12 12:44:40,465 - INFO - [进程 1] 进度: 300/806 个城市
2025-05-12 12:44:40,576 - INFO - [进程 3] 进度: 300/806 个城市
2025-05-12 12:44:40,908 - INFO - [进程 2] 进度: 300/806 个城市
2025-05-12 12:45:04,771 - INFO - [进程 0] 进度: 400/807 个城市
2025-05-12 12:45:04,936 - INFO - [进程 3] 进度: 400/806 个城市
2025-05-12 12:45:04,982 - INFO - [进程 1] 进度: 400/806 个城市
2025-05-12 12:45:05,385 - INFO - [进程 2] 进度: 400/806 个城市
2025-05-12 12:45:29,556 - INFO - [进程 3] 进度: 500/806 个城市
2025-05-12 12:45:29,861 - INFO - [进程 0] 进度: 500/807 个城市
2025-05-12 12:45:30,023 - INFO - [进程 1] 进度: 500/806 个城市
2025-05-12 12:45:30,459 - INFO - [进程 2] 进度: 500/806 个城市
2025-05-12 12:45:53,164 - INFO - [进程 3] 进度: 600/806 个城市
2025-05-12 12:45:53,984 - INFO - [进程 0] 进度: 600/807 个城市
2025-05-12 12:45:54,743 - INFO - [进程 1] 进度: 600/806 个城市
2025-05-12 12:45:55,007 - INFO - [进程 2] 进度: 600/806 个城市
2025-05-12 12:46:15,487 - INFO - [进程 3] 进度: 700/806 个城市
2025-05-12 12:46:16,409 - INFO - [进程 0] 进度: 700/807 个城市
2025-05-12 12:46:17,025 - INFO - [进程 1] 进度: 700/806 个城市
2025-05-12 12:46:18,048 - INFO - [进程 2] 进度: 700/806 个城市
2025-05-12 12:46:40,491 - INFO - [进程 3] 进度: 800/806 个城市
2025-05-12 12:46:41,495 - INFO - [进程 0] 进度: 800/807 个城市
2025-05-12 12:46:42,353 - INFO - [进程 1] 进度: 800/806 个城市
2025-05-12 12:46:43,851 - INFO - [进程 2] 进度: 800/806 个城市
2025-05-12 12:46:45,141 - INFO - 爬虫完成 - 总耗时: 0:03:30.573737, 成功: 0, 失败: 23
2025-05-12 12:46:45,144 - WARNING - 失败城市列表: 139001, 139002, 330185, 350182, 360421, 370282, 540126, 542400, 542421, 542422, 542423, 542424, 542425, 542426, 542427, 542428, 542429, 542430, 542431, 610721, 620201, 632824, 632826
2025-05-12 12:54:45,502 - INFO - 进程 0 启动，处理城市数量: 807
2025-05-12 12:54:45,506 - INFO - 进程 1 启动，处理城市数量: 806
2025-05-12 12:54:45,512 - INFO - 密钥列表已刷新
2025-05-12 12:54:45,514 - INFO - 密钥列表已刷新
2025-05-12 12:54:45,533 - INFO - 进程 2 启动，处理城市数量: 806
2025-05-12 12:54:45,534 - INFO - 进程 3 启动，处理城市数量: 806
2025-05-12 12:54:45,540 - INFO - 密钥列表已刷新
2025-05-12 12:54:45,540 - INFO - 密钥列表已刷新
2025-05-12 12:55:19,963 - INFO - [进程 1] 进度: 100/806 个城市
2025-05-12 12:55:20,133 - INFO - [进程 0] 进度: 100/807 个城市
2025-05-12 12:55:20,348 - INFO - [进程 3] 进度: 100/806 个城市
2025-05-12 12:55:20,746 - INFO - [进程 2] 进度: 100/806 个城市
2025-05-12 12:55:26,073 - ERROR - 处理城市 330185 时发生异常: 'list' object has no attribute 'get'
2025-05-12 12:55:43,580 - INFO - [进程 1] 进度: 200/806 个城市
2025-05-12 12:55:43,736 - INFO - [进程 0] 进度: 200/807 个城市
2025-05-12 12:55:43,785 - INFO - [进程 2] 进度: 200/806 个城市
2025-05-12 12:55:43,888 - INFO - [进程 3] 进度: 200/806 个城市
2025-05-12 12:55:46,692 - ERROR - 处理城市 139001 时发生异常: 'list' object has no attribute 'get'
2025-05-12 12:55:46,958 - ERROR - 处理城市 139002 时发生异常: 'list' object has no attribute 'get'
2025-05-12 12:56:06,619 - INFO - [进程 0] 进度: 300/807 个城市
2025-05-12 12:56:06,619 - INFO - [进程 3] 进度: 300/806 个城市
2025-05-12 12:56:06,619 - INFO - [进程 1] 进度: 300/806 个城市
2025-05-12 12:56:06,929 - INFO - [进程 2] 进度: 300/806 个城市
2025-05-12 12:56:09,384 - ERROR - 处理城市 540126 时发生异常: 'list' object has no attribute 'get'
2025-05-12 12:56:17,372 - ERROR - 处理城市 350182 时发生异常: 'list' object has no attribute 'get'
2025-05-12 12:56:21,301 - ERROR - 处理城市 542400 时发生异常: 'list' object has no attribute 'get'
2025-05-12 12:56:21,570 - ERROR - 处理城市 542421 时发生异常: 'list' object has no attribute 'get'
2025-05-12 12:56:21,819 - ERROR - 处理城市 542422 时发生异常: 'list' object has no attribute 'get'
2025-05-12 12:56:22,082 - ERROR - 处理城市 542423 时发生异常: 'list' object has no attribute 'get'
2025-05-12 12:56:22,289 - ERROR - 处理城市 542424 时发生异常: 'list' object has no attribute 'get'
2025-05-12 12:56:22,493 - ERROR - 处理城市 542425 时发生异常: 'list' object has no attribute 'get'
2025-05-12 12:56:22,696 - ERROR - 处理城市 542426 时发生异常: 'list' object has no attribute 'get'
2025-05-12 12:56:23,003 - ERROR - 处理城市 542427 时发生异常: 'list' object has no attribute 'get'
2025-05-12 12:56:23,208 - ERROR - 处理城市 542428 时发生异常: 'list' object has no attribute 'get'
2025-05-12 12:56:23,413 - ERROR - 处理城市 542429 时发生异常: 'list' object has no attribute 'get'
2025-05-12 12:56:23,658 - ERROR - 处理城市 542430 时发生异常: 'list' object has no attribute 'get'
2025-05-12 12:56:23,925 - ERROR - 处理城市 542431 时发生异常: 'list' object has no attribute 'get'
2025-05-12 12:56:29,249 - INFO - [进程 3] 进度: 400/806 个城市
2025-05-12 12:56:29,250 - INFO - [进程 0] 进度: 400/807 个城市
2025-05-12 12:56:29,288 - INFO - [进程 1] 进度: 400/806 个城市
2025-05-12 12:56:29,557 - INFO - [进程 2] 进度: 400/806 个城市
2025-05-12 12:56:41,128 - ERROR - 处理城市 360421 时发生异常: 'list' object has no attribute 'get'
2025-05-12 12:56:43,279 - ERROR - 处理城市 610721 时发生异常: 'list' object has no attribute 'get'
2025-05-12 12:56:53,517 - INFO - [进程 3] 进度: 500/806 个城市
2025-05-12 12:56:53,621 - INFO - [进程 1] 进度: 500/806 个城市
2025-05-12 12:56:53,723 - INFO - [进程 0] 进度: 500/807 个城市
2025-05-12 12:56:54,467 - INFO - [进程 2] 进度: 500/806 个城市
2025-05-12 12:56:56,590 - ERROR - 处理城市 620201 时发生异常: 'list' object has no attribute 'get'
2025-05-12 12:57:07,280 - ERROR - 处理城市 370282 时发生异常: 'list' object has no attribute 'get'
2025-05-12 12:57:15,840 - INFO - [进程 1] 进度: 600/806 个城市
2025-05-12 12:57:16,296 - INFO - [进程 3] 进度: 600/806 个城市
2025-05-12 12:57:17,274 - INFO - [进程 2] 进度: 600/806 个城市
2025-05-12 12:57:30,117 - ERROR - 处理城市 632824 时发生异常: 'list' object has no attribute 'get'
2025-05-12 12:57:30,790 - ERROR - 处理城市 632826 时发生异常: 'list' object has no attribute 'get'
2025-05-12 12:57:39,391 - INFO - [进程 1] 进度: 700/806 个城市
2025-05-12 12:57:40,456 - INFO - [进程 3] 进度: 700/806 个城市
2025-05-12 12:57:40,926 - INFO - [进程 0] 进度: 700/807 个城市
2025-05-12 12:58:03,659 - INFO - [进程 1] 进度: 800/806 个城市
2025-05-12 12:58:04,514 - INFO - [进程 3] 进度: 800/806 个城市
2025-05-12 12:58:04,829 - INFO - [进程 2] 进度: 800/806 个城市
2025-05-12 12:58:05,297 - INFO - [进程 0] 进度: 800/807 个城市
2025-05-12 12:58:06,823 - INFO - 爬虫完成 - 总耗时: 0:03:21.298222, 成功: 3202, 失败: 23
2025-05-12 12:58:06,826 - WARNING - 失败城市列表: 139001, 139002, 330185, 350182, 360421, 370282, 540126, 542400, 542421, 542422, 542423, 542424, 542425, 542426, 542427, 542428, 542429, 542430, 542431, 610721, 620201, 632824, 632826
